-------- load vocab --------
-------- load successfully --------
========开始训练========
itor: 1: epoch: 10  loss: 73.60301208496094
itor: 1: epoch: 20  loss: 27.099597930908203
itor: 1: epoch: 30  loss: 23.330171585083008
itor: 1: epoch: 40  loss: 25.463054656982422
itor: 1: epoch: 50  loss: 15.305487632751465
itor: 1: epoch: 60  loss: 8.46943473815918
--------开始测试--------
正确个数:84, 总数:2125, 测试结果accu: 0.03952941176470588
--------开始测试--------
正确个数:571, 总数:2125, 测试结果accu: 0.2687058823529412
========开始训练========
itor: 2: epoch: 10  loss: 3.403106689453125
itor: 2: epoch: 20  loss: 2.6960339546203613
itor: 2: epoch: 30  loss: 2.3487117290496826
itor: 2: epoch: 40  loss: 2.2209925651550293
itor: 2: epoch: 50  loss: 2.4892122745513916
itor: 2: epoch: 60  loss: 5.914239883422852
--------开始测试--------
正确个数:75, 总数:2125, 测试结果accu: 0.03529411764705882
--------开始测试--------
正确个数:562, 总数:2125, 测试结果accu: 0.2644705882352941
========开始训练========
itor: 3: epoch: 10  loss: 3.5308799743652344
itor: 3: epoch: 20  loss: 3.272738218307495
itor: 3: epoch: 30  loss: 4.8615641593933105
itor: 3: epoch: 40  loss: 4.337037563323975
itor: 3: epoch: 50  loss: 5.6323089599609375
itor: 3: epoch: 60  loss: 5.713890075683594
--------开始测试--------
正确个数:79, 总数:2125, 测试结果accu: 0.0371764705882353
--------开始测试--------
正确个数:599, 总数:2125, 测试结果accu: 0.2818823529411765
========开始训练========
itor: 4: epoch: 10  loss: 5.151727199554443
itor: 4: epoch: 20  loss: 4.273336887359619
itor: 4: epoch: 30  loss: 5.121388912200928
itor: 4: epoch: 40  loss: 4.592700958251953
itor: 4: epoch: 50  loss: 4.431272506713867
itor: 4: epoch: 60  loss: 3.976961851119995
--------开始测试--------
正确个数:73, 总数:2125, 测试结果accu: 0.034352941176470586
--------开始测试--------
正确个数:539, 总数:2125, 测试结果accu: 0.2536470588235294
========开始训练========
itor: 5: epoch: 10  loss: 2.539180040359497
itor: 5: epoch: 20  loss: 3.1796257495880127
itor: 5: epoch: 30  loss: 2.0792081356048584
itor: 5: epoch: 40  loss: 2.749448776245117
itor: 5: epoch: 50  loss: 2.5215439796447754
itor: 5: epoch: 60  loss: 3.2416560649871826
--------开始测试--------
正确个数:91, 总数:2125, 测试结果accu: 0.042823529411764705
--------开始测试--------
正确个数:551, 总数:2125, 测试结果accu: 0.25929411764705884
========开始训练========
itor: 6: epoch: 10  loss: 2.4597604274749756
itor: 6: epoch: 20  loss: 2.2862439155578613
itor: 6: epoch: 30  loss: 2.172271490097046
itor: 6: epoch: 40  loss: 2.809251546859741
itor: 6: epoch: 50  loss: 2.6120657920837402
itor: 6: epoch: 60  loss: 2.4726638793945312
--------开始测试--------
正确个数:91, 总数:2125, 测试结果accu: 0.042823529411764705
--------开始测试--------
正确个数:574, 总数:2125, 测试结果accu: 0.2701176470588235
========开始训练========
itor: 7: epoch: 10  loss: 2.4680635929107666
itor: 7: epoch: 20  loss: 2.176408529281616
itor: 7: epoch: 30  loss: 2.8503544330596924
itor: 7: epoch: 40  loss: 2.0397160053253174
itor: 7: epoch: 50  loss: 2.9527060985565186
itor: 7: epoch: 60  loss: 2.3642871379852295
--------开始测试--------
正确个数:98, 总数:2125, 测试结果accu: 0.04611764705882353
--------开始测试--------
正确个数:599, 总数:2125, 测试结果accu: 0.2818823529411765
========开始训练========
itor: 8: epoch: 10  loss: 2.904100179672241
itor: 8: epoch: 20  loss: 2.2704074382781982
itor: 8: epoch: 30  loss: 2.053795576095581
itor: 8: epoch: 40  loss: 1.9473402500152588
itor: 8: epoch: 50  loss: 2.0829684734344482
itor: 8: epoch: 60  loss: 2.5097947120666504
--------开始测试--------
正确个数:99, 总数:2125, 测试结果accu: 0.046588235294117646
--------开始测试--------
正确个数:592, 总数:2125, 测试结果accu: 0.27858823529411764
========开始训练========
itor: 9: epoch: 10  loss: 2.800928831100464
itor: 9: epoch: 20  loss: 2.3895509243011475
itor: 9: epoch: 30  loss: 2.2944772243499756
itor: 9: epoch: 40  loss: 1.9673010110855103
itor: 9: epoch: 50  loss: 1.9158556461334229
itor: 9: epoch: 60  loss: 1.9904848337173462
--------开始测试--------
正确个数:82, 总数:2125, 测试结果accu: 0.038588235294117645
--------开始测试--------
正确个数:603, 总数:2125, 测试结果accu: 0.2837647058823529
========开始训练========
itor: 10: epoch: 10  loss: 2.5002384185791016
itor: 10: epoch: 20  loss: 2.334925413131714
itor: 10: epoch: 30  loss: 2.22308087348938
itor: 10: epoch: 40  loss: 2.009282350540161
itor: 10: epoch: 50  loss: 2.644437074661255
itor: 10: epoch: 60  loss: 2.6574840545654297
--------开始测试--------
正确个数:90, 总数:2125, 测试结果accu: 0.042352941176470586
--------开始测试--------
正确个数:569, 总数:2125, 测试结果accu: 0.26776470588235296
========开始训练========
itor: 11: epoch: 10  loss: 3.090068817138672
itor: 11: epoch: 20  loss: 3.2884469032287598
itor: 11: epoch: 30  loss: 2.1719393730163574
itor: 11: epoch: 40  loss: 1.9979965686798096
itor: 11: epoch: 50  loss: 2.113610029220581
itor: 11: epoch: 60  loss: 2.1299169063568115
--------开始测试--------
正确个数:82, 总数:2125, 测试结果accu: 0.038588235294117645
--------开始测试--------
正确个数:596, 总数:2125, 测试结果accu: 0.28047058823529414
========开始训练========
itor: 12: epoch: 10  loss: 2.0553414821624756
itor: 12: epoch: 20  loss: 1.8895788192749023
itor: 12: epoch: 30  loss: 2.0826187133789062
itor: 12: epoch: 40  loss: 2.684568405151367
itor: 12: epoch: 50  loss: 2.5119214057922363
itor: 12: epoch: 60  loss: 2.660658836364746
--------开始测试--------
正确个数:86, 总数:2125, 测试结果accu: 0.04047058823529412
--------开始测试--------
正确个数:577, 总数:2125, 测试结果accu: 0.2715294117647059
========开始训练========
itor: 13: epoch: 10  loss: 1.819492220878601
itor: 13: epoch: 20  loss: 1.8367700576782227
itor: 13: epoch: 30  loss: 1.8006985187530518
itor: 13: epoch: 40  loss: 1.6808432340621948
itor: 13: epoch: 50  loss: 1.9083393812179565
itor: 13: epoch: 60  loss: 2.6917121410369873
--------开始测试--------
正确个数:78, 总数:2125, 测试结果accu: 0.03670588235294118
--------开始测试--------
正确个数:583, 总数:2125, 测试结果accu: 0.2743529411764706
========开始训练========
itor: 14: epoch: 10  loss: 2.059964895248413
itor: 14: epoch: 20  loss: 1.865090250968933
itor: 14: epoch: 30  loss: 2.4218556880950928
itor: 14: epoch: 40  loss: 1.863507628440857
itor: 14: epoch: 50  loss: 1.7655962705612183
itor: 14: epoch: 60  loss: 2.106975793838501
--------开始测试--------
正确个数:95, 总数:2125, 测试结果accu: 0.04470588235294118
--------开始测试--------
正确个数:482, 总数:2125, 测试结果accu: 0.2268235294117647
========开始训练========
itor: 15: epoch: 10  loss: 2.358937978744507
itor: 15: epoch: 20  loss: 2.6030473709106445
itor: 15: epoch: 30  loss: 1.9705049991607666
itor: 15: epoch: 40  loss: 2.085858106613159
itor: 15: epoch: 50  loss: 2.9712672233581543
itor: 15: epoch: 60  loss: 2.0046887397766113
--------开始测试--------
正确个数:95, 总数:2125, 测试结果accu: 0.04470588235294118
--------开始测试--------
正确个数:488, 总数:2125, 测试结果accu: 0.2296470588235294
========开始训练========
itor: 16: epoch: 10  loss: 2.898195743560791
itor: 16: epoch: 20  loss: 2.615985870361328
itor: 16: epoch: 30  loss: 2.0364396572113037
itor: 16: epoch: 40  loss: 2.455303192138672
itor: 16: epoch: 50  loss: 3.2012226581573486
itor: 16: epoch: 60  loss: 3.1751346588134766
--------开始测试--------
正确个数:79, 总数:2125, 测试结果accu: 0.0371764705882353
--------开始测试--------
正确个数:600, 总数:2125, 测试结果accu: 0.2823529411764706
========开始训练========
itor: 17: epoch: 10  loss: 1.9371989965438843
itor: 17: epoch: 20  loss: 2.0697333812713623
itor: 17: epoch: 30  loss: 3.1110973358154297
itor: 17: epoch: 40  loss: 2.170093536376953
itor: 17: epoch: 50  loss: 2.8132762908935547
itor: 17: epoch: 60  loss: 2.589829206466675
--------开始测试--------
正确个数:88, 总数:2125, 测试结果accu: 0.041411764705882356
--------开始测试--------
正确个数:583, 总数:2125, 测试结果accu: 0.2743529411764706
========开始训练========
itor: 18: epoch: 10  loss: 3.023214101791382
itor: 18: epoch: 20  loss: 2.8660390377044678
itor: 18: epoch: 30  loss: 3.115905523300171
itor: 18: epoch: 40  loss: 2.6252267360687256
itor: 18: epoch: 50  loss: 2.707958936691284
itor: 18: epoch: 60  loss: 2.476245641708374
--------开始测试--------
正确个数:96, 总数:2125, 测试结果accu: 0.0451764705882353
--------开始测试--------
正确个数:490, 总数:2125, 测试结果accu: 0.23058823529411765
========开始训练========
itor: 19: epoch: 10  loss: 2.1297857761383057
itor: 19: epoch: 20  loss: 1.8667114973068237
itor: 19: epoch: 30  loss: 2.1704280376434326
itor: 19: epoch: 40  loss: 1.9207143783569336
itor: 19: epoch: 50  loss: 2.0571861267089844
itor: 19: epoch: 60  loss: 1.9579139947891235
--------开始测试--------
正确个数:96, 总数:2125, 测试结果accu: 0.0451764705882353
--------开始测试--------
正确个数:595, 总数:2125, 测试结果accu: 0.28
========开始训练========
itor: 20: epoch: 10  loss: 2.5230443477630615
itor: 20: epoch: 20  loss: 1.9832191467285156
itor: 20: epoch: 30  loss: 2.2911746501922607
itor: 20: epoch: 40  loss: 2.2193186283111572
itor: 20: epoch: 50  loss: 1.975918173789978
itor: 20: epoch: 60  loss: 2.990051031112671
--------开始测试--------
正确个数:98, 总数:2125, 测试结果accu: 0.04611764705882353
--------开始测试--------
正确个数:609, 总数:2125, 测试结果accu: 0.28658823529411764
========开始训练========
itor: 21: epoch: 10  loss: 1.9066168069839478
itor: 21: epoch: 20  loss: 2.0080034732818604
itor: 21: epoch: 30  loss: 1.7063426971435547
itor: 21: epoch: 40  loss: 2.0356314182281494
itor: 21: epoch: 50  loss: 2.0699622631073
itor: 21: epoch: 60  loss: 1.9858015775680542
--------开始测试--------
正确个数:91, 总数:2125, 测试结果accu: 0.042823529411764705
--------开始测试--------
正确个数:614, 总数:2125, 测试结果accu: 0.28894117647058826
========开始训练========
itor: 22: epoch: 10  loss: 1.8199539184570312
itor: 22: epoch: 20  loss: 1.7248960733413696
itor: 22: epoch: 30  loss: 1.7169573307037354
itor: 22: epoch: 40  loss: 1.797607660293579
itor: 22: epoch: 50  loss: 1.9591302871704102
itor: 22: epoch: 60  loss: 2.026880979537964
--------开始测试--------
正确个数:91, 总数:2125, 测试结果accu: 0.042823529411764705
--------开始测试--------
正确个数:610, 总数:2125, 测试结果accu: 0.28705882352941176
========开始训练========
itor: 23: epoch: 10  loss: 2.3024327754974365
itor: 23: epoch: 20  loss: 1.7828199863433838
itor: 23: epoch: 30  loss: 1.9179435968399048
itor: 23: epoch: 40  loss: 2.0864312648773193
itor: 23: epoch: 50  loss: 2.254894256591797
itor: 23: epoch: 60  loss: 1.8813279867172241
--------开始测试--------
正确个数:99, 总数:2125, 测试结果accu: 0.046588235294117646
--------开始测试--------
正确个数:603, 总数:2125, 测试结果accu: 0.2837647058823529
========开始训练========
itor: 24: epoch: 10  loss: 2.297758102416992
itor: 24: epoch: 20  loss: 2.972277879714966
itor: 24: epoch: 30  loss: 2.315495014190674
itor: 24: epoch: 40  loss: 1.855507493019104
itor: 24: epoch: 50  loss: 2.3005311489105225
itor: 24: epoch: 60  loss: 1.7155752182006836
--------开始测试--------
正确个数:99, 总数:2125, 测试结果accu: 0.046588235294117646
--------开始测试--------
正确个数:595, 总数:2125, 测试结果accu: 0.28
========开始训练========
itor: 25: epoch: 10  loss: 2.2558672428131104
itor: 25: epoch: 20  loss: 2.529714584350586
itor: 25: epoch: 30  loss: 3.103905439376831
itor: 25: epoch: 40  loss: 2.1922528743743896
itor: 25: epoch: 50  loss: 1.9382110834121704
itor: 25: epoch: 60  loss: 1.8813800811767578
--------开始测试--------
正确个数:72, 总数:2125, 测试结果accu: 0.03388235294117647
--------开始测试--------
正确个数:581, 总数:2125, 测试结果accu: 0.27341176470588235
========开始训练========
itor: 26: epoch: 10  loss: 2.561354398727417
itor: 26: epoch: 20  loss: 2.023813009262085
itor: 26: epoch: 30  loss: 2.096353769302368
itor: 26: epoch: 40  loss: 1.9879978895187378
itor: 26: epoch: 50  loss: 2.240718126296997
itor: 26: epoch: 60  loss: 2.0541818141937256
--------开始测试--------
正确个数:82, 总数:2125, 测试结果accu: 0.038588235294117645
--------开始测试--------
正确个数:587, 总数:2125, 测试结果accu: 0.2762352941176471
========开始训练========
itor: 27: epoch: 10  loss: 2.185100555419922
itor: 27: epoch: 20  loss: 1.940520167350769
itor: 27: epoch: 30  loss: 1.9488662481307983
itor: 27: epoch: 40  loss: 1.8016585111618042
itor: 27: epoch: 50  loss: 2.0883548259735107
itor: 27: epoch: 60  loss: 1.8629732131958008
--------开始测试--------
正确个数:81, 总数:2125, 测试结果accu: 0.03811764705882353
--------开始测试--------
正确个数:601, 总数:2125, 测试结果accu: 0.2828235294117647
========开始训练========
itor: 28: epoch: 10  loss: 1.9924942255020142
itor: 28: epoch: 20  loss: 2.072232961654663
itor: 28: epoch: 30  loss: 2.224642276763916
itor: 28: epoch: 40  loss: 2.1160695552825928
itor: 28: epoch: 50  loss: 1.895339846611023
itor: 28: epoch: 60  loss: 2.0370824337005615
--------开始测试--------
正确个数:92, 总数:2125, 测试结果accu: 0.04329411764705882
--------开始测试--------
正确个数:614, 总数:2125, 测试结果accu: 0.28894117647058826
========开始训练========
itor: 29: epoch: 10  loss: 2.026489019393921
itor: 29: epoch: 20  loss: 2.2554495334625244
itor: 29: epoch: 30  loss: 2.422682523727417
itor: 29: epoch: 40  loss: 2.625623941421509
itor: 29: epoch: 50  loss: 2.477130889892578
itor: 29: epoch: 60  loss: 1.712300181388855
--------开始测试--------
正确个数:88, 总数:2125, 测试结果accu: 0.041411764705882356
--------开始测试--------
正确个数:604, 总数:2125, 测试结果accu: 0.2842352941176471
========开始训练========
itor: 30: epoch: 10  loss: 2.28889536857605
itor: 30: epoch: 20  loss: 1.7177937030792236
itor: 30: epoch: 30  loss: 2.438993215560913
itor: 30: epoch: 40  loss: 2.8324406147003174
itor: 30: epoch: 50  loss: 1.742461085319519
itor: 30: epoch: 60  loss: 1.938726782798767
--------开始测试--------
正确个数:91, 总数:2125, 测试结果accu: 0.042823529411764705
--------开始测试--------
正确个数:488, 总数:2125, 测试结果accu: 0.2296470588235294
========开始训练========
itor: 31: epoch: 10  loss: 2.3403682708740234
itor: 31: epoch: 20  loss: 2.1691672801971436
itor: 31: epoch: 30  loss: 2.0584750175476074
itor: 31: epoch: 40  loss: 1.8436100482940674
itor: 31: epoch: 50  loss: 2.280797243118286
itor: 31: epoch: 60  loss: 2.056947708129883
--------开始测试--------
正确个数:73, 总数:2125, 测试结果accu: 0.034352941176470586
--------开始测试--------
正确个数:601, 总数:2125, 测试结果accu: 0.2828235294117647
========开始训练========
itor: 32: epoch: 10  loss: 2.284778356552124
itor: 32: epoch: 20  loss: 2.375333547592163
itor: 32: epoch: 30  loss: 2.4245858192443848
itor: 32: epoch: 40  loss: 2.3010270595550537
itor: 32: epoch: 50  loss: 2.127869129180908
itor: 32: epoch: 60  loss: 1.982404112815857
--------开始测试--------
正确个数:86, 总数:2125, 测试结果accu: 0.04047058823529412
--------开始测试--------
正确个数:586, 总数:2125, 测试结果accu: 0.27576470588235297
========开始训练========
itor: 33: epoch: 10  loss: 2.6067750453948975
itor: 33: epoch: 20  loss: 2.546720504760742
itor: 33: epoch: 30  loss: 2.5264368057250977
itor: 33: epoch: 40  loss: 1.960776686668396
itor: 33: epoch: 50  loss: 2.9480035305023193
itor: 33: epoch: 60  loss: 2.8118884563446045
--------开始测试--------
正确个数:85, 总数:2125, 测试结果accu: 0.04
--------开始测试--------
正确个数:572, 总数:2125, 测试结果accu: 0.2691764705882353
========开始训练========
itor: 34: epoch: 10  loss: 3.620382308959961
itor: 34: epoch: 20  loss: 3.0879061222076416
itor: 34: epoch: 30  loss: 2.1411516666412354
itor: 34: epoch: 40  loss: 3.814671277999878
itor: 34: epoch: 50  loss: 3.652961015701294
itor: 34: epoch: 60  loss: 1.9799898862838745
--------开始测试--------
正确个数:87, 总数:2125, 测试结果accu: 0.04094117647058824
--------开始测试--------
正确个数:592, 总数:2125, 测试结果accu: 0.27858823529411764
========开始训练========
itor: 35: epoch: 10  loss: 2.2365150451660156
itor: 35: epoch: 20  loss: 1.8698676824569702
itor: 35: epoch: 30  loss: 2.3102588653564453
itor: 35: epoch: 40  loss: 2.2759029865264893
itor: 35: epoch: 50  loss: 1.7567132711410522
itor: 35: epoch: 60  loss: 2.0719661712646484
--------开始测试--------
正确个数:103, 总数:2125, 测试结果accu: 0.04847058823529412
--------开始测试--------
正确个数:581, 总数:2125, 测试结果accu: 0.27341176470588235
========开始训练========
itor: 36: epoch: 10  loss: 2.1294360160827637
itor: 36: epoch: 20  loss: 2.4226431846618652
itor: 36: epoch: 30  loss: 3.421031951904297
itor: 36: epoch: 40  loss: 2.933147668838501
itor: 36: epoch: 50  loss: 2.989809513092041
itor: 36: epoch: 60  loss: 2.292750120162964
--------开始测试--------
正确个数:80, 总数:2125, 测试结果accu: 0.03764705882352941
--------开始测试--------
正确个数:593, 总数:2125, 测试结果accu: 0.27905882352941175
========开始训练========
itor: 37: epoch: 10  loss: 2.1225202083587646
itor: 37: epoch: 20  loss: 1.8792308568954468
itor: 37: epoch: 30  loss: 2.248866319656372
itor: 37: epoch: 40  loss: 2.059520959854126
itor: 37: epoch: 50  loss: 2.295292854309082
itor: 37: epoch: 60  loss: 2.2907378673553467
--------开始测试--------
正确个数:68, 总数:2125, 测试结果accu: 0.032
--------开始测试--------
正确个数:588, 总数:2125, 测试结果accu: 0.2767058823529412
========开始训练========
itor: 38: epoch: 10  loss: 2.2180116176605225
itor: 38: epoch: 20  loss: 2.385024309158325
itor: 38: epoch: 30  loss: 2.0567283630371094
itor: 38: epoch: 40  loss: 2.072836399078369
itor: 38: epoch: 50  loss: 2.2753312587738037
itor: 38: epoch: 60  loss: 2.7436954975128174
--------开始测试--------
正确个数:98, 总数:2125, 测试结果accu: 0.04611764705882353
--------开始测试--------
正确个数:594, 总数:2125, 测试结果accu: 0.27952941176470586
========开始训练========
itor: 39: epoch: 10  loss: 3.1818251609802246
itor: 39: epoch: 20  loss: 2.267219066619873
itor: 39: epoch: 30  loss: 2.1895453929901123
itor: 39: epoch: 40  loss: 2.1345813274383545
itor: 39: epoch: 50  loss: 2.0717504024505615
itor: 39: epoch: 60  loss: 2.0741403102874756
--------开始测试--------
正确个数:100, 总数:2125, 测试结果accu: 0.047058823529411764
--------开始测试--------
正确个数:600, 总数:2125, 测试结果accu: 0.2823529411764706
========开始训练========
itor: 40: epoch: 10  loss: 3.0773589611053467
itor: 40: epoch: 20  loss: 2.7145135402679443
itor: 40: epoch: 30  loss: 3.16524076461792
itor: 40: epoch: 40  loss: 2.3233981132507324
itor: 40: epoch: 50  loss: 2.7545409202575684
itor: 40: epoch: 60  loss: 2.012730360031128
--------开始测试--------
正确个数:96, 总数:2125, 测试结果accu: 0.0451764705882353
--------开始测试--------
正确个数:615, 总数:2125, 测试结果accu: 0.28941176470588237
========开始训练========
itor: 41: epoch: 10  loss: 1.8864437341690063
itor: 41: epoch: 20  loss: 2.095299243927002
itor: 41: epoch: 30  loss: 1.8415300846099854
itor: 41: epoch: 40  loss: 2.4026262760162354
itor: 41: epoch: 50  loss: 1.8896156549453735
itor: 41: epoch: 60  loss: 2.127690315246582
--------开始测试--------
正确个数:82, 总数:2125, 测试结果accu: 0.038588235294117645
--------开始测试--------
正确个数:615, 总数:2125, 测试结果accu: 0.28941176470588237
========开始训练========
itor: 42: epoch: 10  loss: 2.0265023708343506
itor: 42: epoch: 20  loss: 1.892989993095398
itor: 42: epoch: 30  loss: 2.0595319271087646
itor: 42: epoch: 40  loss: 1.980170488357544
itor: 42: epoch: 50  loss: 1.8147820234298706
itor: 42: epoch: 60  loss: 1.666377305984497
--------开始测试--------
正确个数:84, 总数:2125, 测试结果accu: 0.03952941176470588
--------开始测试--------
正确个数:604, 总数:2125, 测试结果accu: 0.2842352941176471
========开始训练========
itor: 43: epoch: 10  loss: 1.9562519788742065
itor: 43: epoch: 20  loss: 2.080883264541626
itor: 43: epoch: 30  loss: 2.5895469188690186
itor: 43: epoch: 40  loss: 3.0911977291107178
itor: 43: epoch: 50  loss: 4.101522922515869
itor: 43: epoch: 60  loss: 3.142072916030884
--------开始测试--------
正确个数:67, 总数:2125, 测试结果accu: 0.03152941176470588
--------开始测试--------
正确个数:591, 总数:2125, 测试结果accu: 0.2781176470588235
========开始训练========
itor: 44: epoch: 10  loss: 2.011209011077881
itor: 44: epoch: 20  loss: 2.0514400005340576
itor: 44: epoch: 30  loss: 2.3182034492492676
itor: 44: epoch: 40  loss: 3.2007675170898438
itor: 44: epoch: 50  loss: 2.35628604888916
itor: 44: epoch: 60  loss: 2.4882240295410156
--------开始测试--------
正确个数:71, 总数:2125, 测试结果accu: 0.033411764705882356
--------开始测试--------
正确个数:610, 总数:2125, 测试结果accu: 0.28705882352941176
========开始训练========
itor: 45: epoch: 10  loss: 2.4651310443878174
itor: 45: epoch: 20  loss: 1.8096731901168823
itor: 45: epoch: 30  loss: 3.203169584274292
itor: 45: epoch: 40  loss: 4.485793590545654
itor: 45: epoch: 50  loss: 2.911367654800415
itor: 45: epoch: 60  loss: 3.0349438190460205
--------开始测试--------
正确个数:61, 总数:2125, 测试结果accu: 0.028705882352941175
--------开始测试--------
正确个数:482, 总数:2125, 测试结果accu: 0.2268235294117647
========开始训练========
itor: 46: epoch: 10  loss: 2.2761452198028564
itor: 46: epoch: 20  loss: 2.3259072303771973
itor: 46: epoch: 30  loss: 2.4119842052459717
itor: 46: epoch: 40  loss: 2.4300527572631836
itor: 46: epoch: 50  loss: 2.2084577083587646
itor: 46: epoch: 60  loss: 1.9314535856246948
--------开始测试--------
正确个数:74, 总数:2125, 测试结果accu: 0.034823529411764705
--------开始测试--------
正确个数:600, 总数:2125, 测试结果accu: 0.2823529411764706
========开始训练========
itor: 47: epoch: 10  loss: 2.853916883468628
itor: 47: epoch: 20  loss: 1.8845903873443604
itor: 47: epoch: 30  loss: 1.593423843383789
itor: 47: epoch: 40  loss: 1.676043152809143
itor: 47: epoch: 50  loss: 2.1663360595703125
itor: 47: epoch: 60  loss: 2.0657522678375244
--------开始测试--------
正确个数:50, 总数:2125, 测试结果accu: 0.023529411764705882
--------开始测试--------
正确个数:608, 总数:2125, 测试结果accu: 0.28611764705882353
========开始训练========
itor: 48: epoch: 10  loss: 2.1358957290649414
itor: 48: epoch: 20  loss: 1.8755794763565063
itor: 48: epoch: 30  loss: 1.8903082609176636
itor: 48: epoch: 40  loss: 1.5778065919876099
itor: 48: epoch: 50  loss: 1.7004731893539429
itor: 48: epoch: 60  loss: 1.7092344760894775
--------开始测试--------
正确个数:71, 总数:2125, 测试结果accu: 0.033411764705882356
--------开始测试--------
正确个数:485, 总数:2125, 测试结果accu: 0.22823529411764706
========开始训练========
itor: 49: epoch: 10  loss: 1.9085806608200073
itor: 49: epoch: 20  loss: 1.794053316116333
itor: 49: epoch: 30  loss: 1.7221603393554688
itor: 49: epoch: 40  loss: 1.673187494277954
itor: 49: epoch: 50  loss: 1.7198543548583984
itor: 49: epoch: 60  loss: 1.97248113155365
--------开始测试--------
正确个数:76, 总数:2125, 测试结果accu: 0.03576470588235294
--------开始测试--------
正确个数:605, 总数:2125, 测试结果accu: 0.2847058823529412
========开始训练========
itor: 50: epoch: 10  loss: 2.0289008617401123
itor: 50: epoch: 20  loss: 1.6424299478530884
itor: 50: epoch: 30  loss: 1.9918615818023682
itor: 50: epoch: 40  loss: 1.6716241836547852
itor: 50: epoch: 50  loss: 1.7897554636001587
itor: 50: epoch: 60  loss: 1.6337841749191284
--------开始测试--------
正确个数:89, 总数:2125, 测试结果accu: 0.04188235294117647
--------开始测试--------
正确个数:597, 总数:2125, 测试结果accu: 0.28094117647058825
========开始训练========
itor: 51: epoch: 10  loss: 1.665003776550293
itor: 51: epoch: 20  loss: 1.6432088613510132
itor: 51: epoch: 30  loss: 1.5908291339874268
itor: 51: epoch: 40  loss: 1.6127632856369019
itor: 51: epoch: 50  loss: 2.8620495796203613
itor: 51: epoch: 60  loss: 1.7656759023666382
--------开始测试--------
正确个数:92, 总数:2125, 测试结果accu: 0.04329411764705882
--------开始测试--------
正确个数:606, 总数:2125, 测试结果accu: 0.2851764705882353
========开始训练========
itor: 52: epoch: 10  loss: 1.5966404676437378
itor: 52: epoch: 20  loss: 1.618517518043518
itor: 52: epoch: 30  loss: 1.7342108488082886
itor: 52: epoch: 40  loss: 1.6846688985824585
itor: 52: epoch: 50  loss: 1.5948281288146973
itor: 52: epoch: 60  loss: 1.7461222410202026
--------开始测试--------
正确个数:112, 总数:2125, 测试结果accu: 0.05270588235294118
--------开始测试--------
正确个数:492, 总数:2125, 测试结果accu: 0.23152941176470587
========开始训练========
itor: 53: epoch: 10  loss: 1.7027097940444946
itor: 53: epoch: 20  loss: 1.6266123056411743
itor: 53: epoch: 30  loss: 1.5991395711898804
itor: 53: epoch: 40  loss: 2.011573314666748
itor: 53: epoch: 50  loss: 1.6505069732666016
itor: 53: epoch: 60  loss: 1.6088565587997437
--------开始测试--------
正确个数:80, 总数:2125, 测试结果accu: 0.03764705882352941
--------开始测试--------
正确个数:604, 总数:2125, 测试结果accu: 0.2842352941176471
========开始训练========
itor: 54: epoch: 10  loss: 1.7648676633834839
itor: 54: epoch: 20  loss: 2.080132484436035
itor: 54: epoch: 30  loss: 1.5838475227355957
itor: 54: epoch: 40  loss: 1.904322862625122
itor: 54: epoch: 50  loss: 1.8303993940353394
itor: 54: epoch: 60  loss: 1.82353937625885
--------开始测试--------
正确个数:87, 总数:2125, 测试结果accu: 0.04094117647058824
--------开始测试--------
正确个数:604, 总数:2125, 测试结果accu: 0.2842352941176471
========开始训练========
itor: 55: epoch: 10  loss: 1.7340666055679321
itor: 55: epoch: 20  loss: 1.6064649820327759
itor: 55: epoch: 30  loss: 1.8102954626083374
itor: 55: epoch: 40  loss: 1.583770990371704
itor: 55: epoch: 50  loss: 1.7380777597427368
itor: 55: epoch: 60  loss: 1.9445661306381226
--------开始测试--------
正确个数:95, 总数:2125, 测试结果accu: 0.04470588235294118
--------开始测试--------
正确个数:601, 总数:2125, 测试结果accu: 0.2828235294117647
========开始训练========
itor: 56: epoch: 10  loss: 1.7424973249435425
itor: 56: epoch: 20  loss: 1.6125410795211792
itor: 56: epoch: 30  loss: 1.6641091108322144
itor: 56: epoch: 40  loss: 2.233347177505493
itor: 56: epoch: 50  loss: 1.7999581098556519
itor: 56: epoch: 60  loss: 1.6396385431289673
--------开始测试--------
正确个数:87, 总数:2125, 测试结果accu: 0.04094117647058824
--------开始测试--------
正确个数:604, 总数:2125, 测试结果accu: 0.2842352941176471
========开始训练========
itor: 57: epoch: 10  loss: 1.577833652496338
itor: 57: epoch: 20  loss: 1.7197598218917847
itor: 57: epoch: 30  loss: 1.6137341260910034
itor: 57: epoch: 40  loss: 1.608339548110962
itor: 57: epoch: 50  loss: 1.6464117765426636
itor: 57: epoch: 60  loss: 1.605115294456482
--------开始测试--------
正确个数:87, 总数:2125, 测试结果accu: 0.04094117647058824
--------开始测试--------
正确个数:600, 总数:2125, 测试结果accu: 0.2823529411764706
========开始训练========
itor: 58: epoch: 10  loss: 1.5770066976547241
itor: 58: epoch: 20  loss: 1.5586618185043335
itor: 58: epoch: 30  loss: 1.8405922651290894
itor: 58: epoch: 40  loss: 1.6556799411773682
itor: 58: epoch: 50  loss: 1.6870355606079102
itor: 58: epoch: 60  loss: 1.6468772888183594
--------开始测试--------
正确个数:69, 总数:2125, 测试结果accu: 0.03247058823529412
--------开始测试--------
正确个数:485, 总数:2125, 测试结果accu: 0.22823529411764706
========开始训练========
itor: 59: epoch: 10  loss: 1.9809452295303345
itor: 59: epoch: 20  loss: 1.7234395742416382
itor: 59: epoch: 30  loss: 1.564111351966858
itor: 59: epoch: 40  loss: 1.617486596107483
itor: 59: epoch: 50  loss: 1.6425106525421143
itor: 59: epoch: 60  loss: 2.3387086391448975
--------开始测试--------
正确个数:88, 总数:2125, 测试结果accu: 0.041411764705882356
--------开始测试--------
正确个数:489, 总数:2125, 测试结果accu: 0.23011764705882354
========开始训练========
itor: 60: epoch: 10  loss: 1.8117992877960205
itor: 60: epoch: 20  loss: 1.6022443771362305
itor: 60: epoch: 30  loss: 1.598660945892334
itor: 60: epoch: 40  loss: 1.659986138343811
itor: 60: epoch: 50  loss: 1.538846731185913
itor: 60: epoch: 60  loss: 1.8717390298843384
--------开始测试--------
正确个数:81, 总数:2125, 测试结果accu: 0.03811764705882353
--------开始测试--------
正确个数:610, 总数:2125, 测试结果accu: 0.28705882352941176
========开始训练========
itor: 61: epoch: 10  loss: 2.3958585262298584
itor: 61: epoch: 20  loss: 1.590469241142273
itor: 61: epoch: 30  loss: 2.340681791305542
itor: 61: epoch: 40  loss: 1.931025743484497
itor: 61: epoch: 50  loss: 1.5878647565841675
itor: 61: epoch: 60  loss: 1.6001726388931274
--------开始测试--------
正确个数:89, 总数:2125, 测试结果accu: 0.04188235294117647
--------开始测试--------
正确个数:497, 总数:2125, 测试结果accu: 0.23388235294117646
========开始训练========
itor: 62: epoch: 10  loss: 1.9090423583984375
itor: 62: epoch: 20  loss: 2.268481492996216
itor: 62: epoch: 30  loss: 1.5898995399475098
itor: 62: epoch: 40  loss: 1.5817917585372925
itor: 62: epoch: 50  loss: 2.2172982692718506
itor: 62: epoch: 60  loss: 1.9551184177398682
--------开始测试--------
正确个数:95, 总数:2125, 测试结果accu: 0.04470588235294118
--------开始测试--------
正确个数:602, 总数:2125, 测试结果accu: 0.2832941176470588
========开始训练========
itor: 63: epoch: 10  loss: 2.5687618255615234
itor: 63: epoch: 20  loss: 3.174572229385376
itor: 63: epoch: 30  loss: 2.085149049758911
itor: 63: epoch: 40  loss: 1.717619776725769
itor: 63: epoch: 50  loss: 1.9702751636505127
itor: 63: epoch: 60  loss: 1.7349073886871338
--------开始测试--------
正确个数:90, 总数:2125, 测试结果accu: 0.042352941176470586
--------开始测试--------
正确个数:605, 总数:2125, 测试结果accu: 0.2847058823529412
========开始训练========
itor: 64: epoch: 10  loss: 2.060065507888794
itor: 64: epoch: 20  loss: 1.654570460319519
itor: 64: epoch: 30  loss: 1.649767518043518
itor: 64: epoch: 40  loss: 1.9654788970947266
itor: 64: epoch: 50  loss: 2.2063486576080322
itor: 64: epoch: 60  loss: 1.9898487329483032
--------开始测试--------
正确个数:65, 总数:2125, 测试结果accu: 0.03058823529411765
--------开始测试--------
正确个数:602, 总数:2125, 测试结果accu: 0.2832941176470588
========开始训练========
itor: 65: epoch: 10  loss: 2.5331950187683105
itor: 65: epoch: 20  loss: 2.039487361907959
itor: 65: epoch: 30  loss: 2.1400558948516846
itor: 65: epoch: 40  loss: 2.5396735668182373
itor: 65: epoch: 50  loss: 1.6747297048568726
itor: 65: epoch: 60  loss: 2.716665506362915
--------开始测试--------
正确个数:78, 总数:2125, 测试结果accu: 0.03670588235294118
--------开始测试--------
正确个数:601, 总数:2125, 测试结果accu: 0.2828235294117647
========开始训练========
itor: 66: epoch: 10  loss: 2.100430965423584
itor: 66: epoch: 20  loss: 1.768533706665039
itor: 66: epoch: 30  loss: 2.2579047679901123
itor: 66: epoch: 40  loss: 2.2223660945892334
itor: 66: epoch: 50  loss: 2.5549538135528564
itor: 66: epoch: 60  loss: 1.8498653173446655
--------开始测试--------
正确个数:94, 总数:2125, 测试结果accu: 0.04423529411764706
--------开始测试--------
正确个数:599, 总数:2125, 测试结果accu: 0.2818823529411765
========开始训练========
itor: 67: epoch: 10  loss: 1.6030882596969604
itor: 67: epoch: 20  loss: 1.8986997604370117
itor: 67: epoch: 30  loss: 2.295325517654419
itor: 67: epoch: 40  loss: 1.5419502258300781
itor: 67: epoch: 50  loss: 1.8413070440292358
itor: 67: epoch: 60  loss: 1.9334604740142822
--------开始测试--------
正确个数:97, 总数:2125, 测试结果accu: 0.04564705882352941
--------开始测试--------
正确个数:609, 总数:2125, 测试结果accu: 0.28658823529411764
========开始训练========
itor: 68: epoch: 10  loss: 1.8963288068771362
itor: 68: epoch: 20  loss: 1.9100525379180908
itor: 68: epoch: 30  loss: 2.5516326427459717
itor: 68: epoch: 40  loss: 1.5955002307891846
itor: 68: epoch: 50  loss: 1.6515531539916992
itor: 68: epoch: 60  loss: 2.6659610271453857
--------开始测试--------
正确个数:85, 总数:2125, 测试结果accu: 0.04
--------开始测试--------
正确个数:489, 总数:2125, 测试结果accu: 0.23011764705882354
========开始训练========
itor: 69: epoch: 10  loss: 2.6835672855377197
itor: 69: epoch: 20  loss: 1.6290477514266968
itor: 69: epoch: 30  loss: 1.66243577003479
itor: 69: epoch: 40  loss: 1.730554223060608
itor: 69: epoch: 50  loss: 1.758161187171936
itor: 69: epoch: 60  loss: 1.9843801259994507
--------开始测试--------
正确个数:80, 总数:2125, 测试结果accu: 0.03764705882352941
--------开始测试--------
正确个数:487, 总数:2125, 测试结果accu: 0.2291764705882353
========开始训练========
itor: 70: epoch: 10  loss: 2.819157838821411
itor: 70: epoch: 20  loss: 1.5771093368530273
itor: 70: epoch: 30  loss: 2.5073935985565186
itor: 70: epoch: 40  loss: 1.991729736328125
itor: 70: epoch: 50  loss: 1.7401856184005737
itor: 70: epoch: 60  loss: 1.574902892112732
--------开始测试--------
正确个数:96, 总数:2125, 测试结果accu: 0.0451764705882353
--------开始测试--------
正确个数:599, 总数:2125, 测试结果accu: 0.2818823529411765
========开始训练========
itor: 71: epoch: 10  loss: 2.884071111679077
itor: 71: epoch: 20  loss: 1.7963783740997314
itor: 71: epoch: 30  loss: 1.8765443563461304
itor: 71: epoch: 40  loss: 1.5712552070617676
itor: 71: epoch: 50  loss: 1.6541528701782227
itor: 71: epoch: 60  loss: 1.9418405294418335
--------开始测试--------
正确个数:70, 总数:2125, 测试结果accu: 0.03294117647058824
--------开始测试--------
正确个数:606, 总数:2125, 测试结果accu: 0.2851764705882353
========开始训练========
itor: 72: epoch: 10  loss: 1.580422282218933
itor: 72: epoch: 20  loss: 2.033627510070801
itor: 72: epoch: 30  loss: 1.8843374252319336
itor: 72: epoch: 40  loss: 1.6046545505523682
itor: 72: epoch: 50  loss: 1.6085294485092163
itor: 72: epoch: 60  loss: 1.6628334522247314
--------开始测试--------
正确个数:95, 总数:2125, 测试结果accu: 0.04470588235294118
--------开始测试--------
正确个数:608, 总数:2125, 测试结果accu: 0.28611764705882353
========开始训练========
itor: 73: epoch: 10  loss: 1.6915315389633179
itor: 73: epoch: 20  loss: 1.9895069599151611
itor: 73: epoch: 30  loss: 1.703628420829773
itor: 73: epoch: 40  loss: 1.6121702194213867
itor: 73: epoch: 50  loss: 1.9577287435531616
itor: 73: epoch: 60  loss: 1.6640411615371704
--------开始测试--------
正确个数:94, 总数:2125, 测试结果accu: 0.04423529411764706
--------开始测试--------
正确个数:609, 总数:2125, 测试结果accu: 0.28658823529411764
========开始训练========
itor: 74: epoch: 10  loss: 1.642541527748108
itor: 74: epoch: 20  loss: 1.617014765739441
itor: 74: epoch: 30  loss: 1.6343382596969604
itor: 74: epoch: 40  loss: 1.5902471542358398
itor: 74: epoch: 50  loss: 1.8703488111495972
itor: 74: epoch: 60  loss: 1.9903827905654907
--------开始测试--------
正确个数:83, 总数:2125, 测试结果accu: 0.039058823529411764
--------开始测试--------
正确个数:604, 总数:2125, 测试结果accu: 0.2842352941176471
========开始训练========
itor: 75: epoch: 10  loss: 1.656627893447876
itor: 75: epoch: 20  loss: 1.8640788793563843
itor: 75: epoch: 30  loss: 1.672837257385254
itor: 75: epoch: 40  loss: 1.817391037940979
itor: 75: epoch: 50  loss: 2.366703510284424
itor: 75: epoch: 60  loss: 1.5621562004089355
--------开始测试--------
正确个数:91, 总数:2125, 测试结果accu: 0.042823529411764705
--------开始测试--------
正确个数:605, 总数:2125, 测试结果accu: 0.2847058823529412
========开始训练========
itor: 76: epoch: 10  loss: 2.2112154960632324
itor: 76: epoch: 20  loss: 2.0052597522735596
itor: 76: epoch: 30  loss: 1.5860326290130615
itor: 76: epoch: 40  loss: 1.6109243631362915
itor: 76: epoch: 50  loss: 1.6497478485107422
itor: 76: epoch: 60  loss: 1.5636504888534546
--------开始测试--------
正确个数:80, 总数:2125, 测试结果accu: 0.03764705882352941
--------开始测试--------
正确个数:608, 总数:2125, 测试结果accu: 0.28611764705882353
========开始训练========
itor: 77: epoch: 10  loss: 1.736638069152832
itor: 77: epoch: 20  loss: 1.744545340538025
itor: 77: epoch: 30  loss: 1.6575905084609985
itor: 77: epoch: 40  loss: 1.6402597427368164
itor: 77: epoch: 50  loss: 1.659224510192871
itor: 77: epoch: 60  loss: 1.5980490446090698
--------开始测试--------
正确个数:89, 总数:2125, 测试结果accu: 0.04188235294117647
--------开始测试--------
正确个数:605, 总数:2125, 测试结果accu: 0.2847058823529412
========开始训练========
itor: 78: epoch: 10  loss: 1.9797037839889526
itor: 78: epoch: 20  loss: 1.6022945642471313
itor: 78: epoch: 30  loss: 1.7922605276107788
itor: 78: epoch: 40  loss: 1.8896464109420776
itor: 78: epoch: 50  loss: 2.013848066329956
itor: 78: epoch: 60  loss: 1.7070112228393555
--------开始测试--------
正确个数:83, 总数:2125, 测试结果accu: 0.039058823529411764
--------开始测试--------
正确个数:604, 总数:2125, 测试结果accu: 0.2842352941176471
========开始训练========
itor: 79: epoch: 10  loss: 1.6611206531524658
itor: 79: epoch: 20  loss: 2.1572203636169434
itor: 79: epoch: 30  loss: 1.736158013343811
itor: 79: epoch: 40  loss: 1.746191382408142
itor: 79: epoch: 50  loss: 1.6819361448287964
itor: 79: epoch: 60  loss: 1.6427801847457886
--------开始测试--------
正确个数:96, 总数:2125, 测试结果accu: 0.0451764705882353
--------开始测试--------
正确个数:606, 总数:2125, 测试结果accu: 0.2851764705882353
========开始训练========
itor: 80: epoch: 10  loss: 1.9168081283569336
itor: 80: epoch: 20  loss: 1.6920511722564697
itor: 80: epoch: 30  loss: 2.0553572177886963
itor: 80: epoch: 40  loss: 1.5953916311264038
itor: 80: epoch: 50  loss: 1.7461713552474976
itor: 80: epoch: 60  loss: 2.9862654209136963
--------开始测试--------
正确个数:77, 总数:2125, 测试结果accu: 0.03623529411764706
--------开始测试--------
正确个数:607, 总数:2125, 测试结果accu: 0.2856470588235294
========开始训练========
itor: 81: epoch: 10  loss: 2.035189151763916
itor: 81: epoch: 20  loss: 2.26031231880188
itor: 81: epoch: 30  loss: 2.73872971534729
itor: 81: epoch: 40  loss: 2.6955831050872803
itor: 81: epoch: 50  loss: 2.62774658203125
itor: 81: epoch: 60  loss: 3.024914264678955
--------开始测试--------
正确个数:97, 总数:2125, 测试结果accu: 0.04564705882352941
--------开始测试--------
正确个数:599, 总数:2125, 测试结果accu: 0.2818823529411765
========开始训练========
itor: 82: epoch: 10  loss: 1.926309585571289
itor: 82: epoch: 20  loss: 2.5793557167053223
itor: 82: epoch: 30  loss: 2.137449026107788
itor: 82: epoch: 40  loss: 2.769538640975952
itor: 82: epoch: 50  loss: 3.0719172954559326
itor: 82: epoch: 60  loss: 4.273050308227539
--------开始测试--------
正确个数:89, 总数:2125, 测试结果accu: 0.04188235294117647
--------开始测试--------
正确个数:609, 总数:2125, 测试结果accu: 0.28658823529411764
========开始训练========
itor: 83: epoch: 10  loss: 1.8653532266616821
itor: 83: epoch: 20  loss: 1.6527918577194214
itor: 83: epoch: 30  loss: 2.5961148738861084
itor: 83: epoch: 40  loss: 2.686112880706787
itor: 83: epoch: 50  loss: 1.7123616933822632
itor: 83: epoch: 60  loss: 2.39736008644104
--------开始测试--------
正确个数:92, 总数:2125, 测试结果accu: 0.04329411764705882
--------开始测试--------
正确个数:606, 总数:2125, 测试结果accu: 0.2851764705882353
========开始训练========
itor: 84: epoch: 10  loss: 2.365791082382202
itor: 84: epoch: 20  loss: 1.7666854858398438
itor: 84: epoch: 30  loss: 2.2076776027679443
itor: 84: epoch: 40  loss: 1.9596904516220093
itor: 84: epoch: 50  loss: 2.2964608669281006
itor: 84: epoch: 60  loss: 2.94989013671875
--------开始测试--------
正确个数:99, 总数:2125, 测试结果accu: 0.046588235294117646
--------开始测试--------
正确个数:605, 总数:2125, 测试结果accu: 0.2847058823529412
========开始训练========
itor: 85: epoch: 10  loss: 2.605396032333374
itor: 85: epoch: 20  loss: 2.133443593978882
itor: 85: epoch: 30  loss: 2.1051385402679443
itor: 85: epoch: 40  loss: 2.144681930541992
itor: 85: epoch: 50  loss: 2.0693585872650146
itor: 85: epoch: 60  loss: 2.121185064315796
--------开始测试--------
正确个数:88, 总数:2125, 测试结果accu: 0.041411764705882356
--------开始测试--------
正确个数:604, 总数:2125, 测试结果accu: 0.2842352941176471
========开始训练========
itor: 86: epoch: 10  loss: 2.0141656398773193
itor: 86: epoch: 20  loss: 2.7522711753845215
itor: 86: epoch: 30  loss: 1.7397202253341675
itor: 86: epoch: 40  loss: 1.9429231882095337
itor: 86: epoch: 50  loss: 1.8690563440322876
itor: 86: epoch: 60  loss: 2.3979098796844482
--------开始测试--------
正确个数:89, 总数:2125, 测试结果accu: 0.04188235294117647
--------开始测试--------
正确个数:607, 总数:2125, 测试结果accu: 0.2856470588235294
========开始训练========
itor: 87: epoch: 10  loss: 1.64186692237854
itor: 87: epoch: 20  loss: 1.625099778175354
itor: 87: epoch: 30  loss: 1.978670358657837
itor: 87: epoch: 40  loss: 2.1351799964904785
itor: 87: epoch: 50  loss: 1.7248344421386719
itor: 87: epoch: 60  loss: 2.2992985248565674
--------开始测试--------
正确个数:96, 总数:2125, 测试结果accu: 0.0451764705882353
--------开始测试--------
正确个数:603, 总数:2125, 测试结果accu: 0.2837647058823529
========开始训练========
itor: 88: epoch: 10  loss: 2.3960883617401123
itor: 88: epoch: 20  loss: 1.9977699518203735
itor: 88: epoch: 30  loss: 2.0655696392059326
itor: 88: epoch: 40  loss: 1.5543361902236938
itor: 88: epoch: 50  loss: 1.8378781080245972
itor: 88: epoch: 60  loss: 1.901192307472229
--------开始测试--------
正确个数:92, 总数:2125, 测试结果accu: 0.04329411764705882
--------开始测试--------
正确个数:604, 总数:2125, 测试结果accu: 0.2842352941176471
========开始训练========
itor: 89: epoch: 10  loss: 2.496880292892456
itor: 89: epoch: 20  loss: 2.3236544132232666
itor: 89: epoch: 30  loss: 2.5053622722625732
itor: 89: epoch: 40  loss: 1.675613284111023
itor: 89: epoch: 50  loss: 3.482456684112549
itor: 89: epoch: 60  loss: 1.8053925037384033
--------开始测试--------
正确个数:95, 总数:2125, 测试结果accu: 0.04470588235294118
--------开始测试--------
正确个数:607, 总数:2125, 测试结果accu: 0.2856470588235294
========开始训练========
itor: 90: epoch: 10  loss: 1.9179601669311523
itor: 90: epoch: 20  loss: 2.002748727798462
itor: 90: epoch: 30  loss: 1.7817150354385376
itor: 90: epoch: 40  loss: 1.888971209526062
itor: 90: epoch: 50  loss: 2.484046697616577
itor: 90: epoch: 60  loss: 1.8189423084259033
--------开始测试--------
正确个数:102, 总数:2125, 测试结果accu: 0.048
--------开始测试--------
正确个数:609, 总数:2125, 测试结果accu: 0.28658823529411764
========开始训练========
itor: 91: epoch: 10  loss: 1.871508240699768
itor: 91: epoch: 20  loss: 2.628671407699585
itor: 91: epoch: 30  loss: 1.9809058904647827
itor: 91: epoch: 40  loss: 1.8999813795089722
itor: 91: epoch: 50  loss: 2.2054152488708496
itor: 91: epoch: 60  loss: 2.4624176025390625
--------开始测试--------
正确个数:89, 总数:2125, 测试结果accu: 0.04188235294117647
--------开始测试--------
正确个数:603, 总数:2125, 测试结果accu: 0.2837647058823529
========开始训练========
itor: 92: epoch: 10  loss: 2.0523078441619873
itor: 92: epoch: 20  loss: 1.6940964460372925
itor: 92: epoch: 30  loss: 1.9254693984985352
itor: 92: epoch: 40  loss: 2.48874831199646
itor: 92: epoch: 50  loss: 3.5028927326202393
itor: 92: epoch: 60  loss: 3.3375065326690674
--------开始测试--------
正确个数:68, 总数:2125, 测试结果accu: 0.032
--------开始测试--------
正确个数:608, 总数:2125, 测试结果accu: 0.28611764705882353
========开始训练========
itor: 93: epoch: 10  loss: 3.8890349864959717
itor: 93: epoch: 20  loss: 2.072150468826294
itor: 93: epoch: 30  loss: 2.0232605934143066
itor: 93: epoch: 40  loss: 2.4612789154052734
itor: 93: epoch: 50  loss: 2.218733549118042
itor: 93: epoch: 60  loss: 1.6847361326217651
--------开始测试--------
正确个数:90, 总数:2125, 测试结果accu: 0.042352941176470586
--------开始测试--------
正确个数:603, 总数:2125, 测试结果accu: 0.2837647058823529
========开始训练========
itor: 94: epoch: 10  loss: 3.0168817043304443
itor: 94: epoch: 20  loss: 1.6885292530059814
itor: 94: epoch: 30  loss: 1.9850454330444336
itor: 94: epoch: 40  loss: 1.706954836845398
itor: 94: epoch: 50  loss: 2.7082598209381104
itor: 94: epoch: 60  loss: 1.6810073852539062
--------开始测试--------
正确个数:101, 总数:2125, 测试结果accu: 0.04752941176470588
--------开始测试--------
正确个数:600, 总数:2125, 测试结果accu: 0.2823529411764706
========开始训练========
itor: 95: epoch: 10  loss: 2.185175657272339
itor: 95: epoch: 20  loss: 2.1009137630462646
itor: 95: epoch: 30  loss: 2.2002360820770264
itor: 95: epoch: 40  loss: 1.9213145971298218
itor: 95: epoch: 50  loss: 1.8581351041793823
itor: 95: epoch: 60  loss: 1.924147605895996
--------开始测试--------
正确个数:100, 总数:2125, 测试结果accu: 0.047058823529411764
--------开始测试--------
正确个数:490, 总数:2125, 测试结果accu: 0.23058823529411765
========开始训练========
itor: 96: epoch: 10  loss: 2.209782838821411
itor: 96: epoch: 20  loss: 1.8997849225997925
itor: 96: epoch: 30  loss: 2.1996777057647705
itor: 96: epoch: 40  loss: 2.030205488204956
itor: 96: epoch: 50  loss: 1.7662733793258667
itor: 96: epoch: 60  loss: 2.021129846572876
--------开始测试--------
正确个数:102, 总数:2125, 测试结果accu: 0.048
--------开始测试--------
正确个数:608, 总数:2125, 测试结果accu: 0.28611764705882353
========开始训练========
itor: 97: epoch: 10  loss: 1.8677746057510376
itor: 97: epoch: 20  loss: 1.995787262916565
itor: 97: epoch: 30  loss: 1.836172342300415
itor: 97: epoch: 40  loss: 2.0963902473449707
itor: 97: epoch: 50  loss: 1.7540826797485352
itor: 97: epoch: 60  loss: 1.7340444326400757
--------开始测试--------
正确个数:74, 总数:2125, 测试结果accu: 0.034823529411764705
--------开始测试--------
正确个数:607, 总数:2125, 测试结果accu: 0.2856470588235294
========开始训练========
itor: 98: epoch: 10  loss: 1.97930109500885
itor: 98: epoch: 20  loss: 2.084672212600708
itor: 98: epoch: 30  loss: 1.9899348020553589
itor: 98: epoch: 40  loss: 1.6836779117584229
itor: 98: epoch: 50  loss: 2.257628917694092
itor: 98: epoch: 60  loss: 2.422950029373169
--------开始测试--------
正确个数:77, 总数:2125, 测试结果accu: 0.03623529411764706
--------开始测试--------
正确个数:606, 总数:2125, 测试结果accu: 0.2851764705882353
========开始训练========
itor: 99: epoch: 10  loss: 1.641687273979187
itor: 99: epoch: 20  loss: 2.250352621078491
itor: 99: epoch: 30  loss: 2.283055067062378
itor: 99: epoch: 40  loss: 1.6293089389801025
itor: 99: epoch: 50  loss: 2.6227829456329346
itor: 99: epoch: 60  loss: 1.9760808944702148
--------开始测试--------
正确个数:99, 总数:2125, 测试结果accu: 0.046588235294117646
--------开始测试--------
正确个数:605, 总数:2125, 测试结果accu: 0.2847058823529412
========开始训练========
itor: 100: epoch: 10  loss: 1.9784736633300781
itor: 100: epoch: 20  loss: 2.133107900619507
itor: 100: epoch: 30  loss: 2.7476069927215576
itor: 100: epoch: 40  loss: 1.5855896472930908
itor: 100: epoch: 50  loss: 1.9572769403457642
itor: 100: epoch: 60  loss: 1.9509127140045166
--------开始测试--------
正确个数:101, 总数:2125, 测试结果accu: 0.04752941176470588
--------开始测试--------
正确个数:609, 总数:2125, 测试结果accu: 0.28658823529411764
